{
  "RSpec": {
    "coverage": {
      "/Users/borisrorsvort/Sites/emuzikos/vendor/plugins/dynamic_form/lib/dynamic_form.rb": [
        1,
        null,
        1,
        1,
        null
      ],
      "/Users/borisrorsvort/Sites/emuzikos/vendor/plugins/dynamic_form/lib/action_view/helpers/dynamic_form.rb": [
        1,
        1,
        1,
        1,
        null,
        1,
        1,
        null,
        null,
        null,
        null,
        1,
        null,
        null,
        null,
        null,
        null,
        1,
        0,
        null,
        null,
        null,
        null,
        null,
        null,
        null,
        null,
        null,
        null,
        null,
        null,
        null,
        null,
        null,
        null,
        null,
        null,
        null,
        null,
        null,
        null,
        null,
        null,
        null,
        null,
        null,
        null,
        null,
        null,
        null,
        null,
        null,
        null,
        null,
        null,
        null,
        null,
        null,
        null,
        null,
        null,
        null,
        null,
        null,
        null,
        null,
        null,
        null,
        null,
        null,
        null,
        1,
        0,
        0,
        null,
        0,
        0,
        0,
        null,
        0,
        null,
        0,
        0,
        0,
        0,
        0,
        0,
        null,
        null,
        null,
        null,
        null,
        null,
        null,
        null,
        null,
        null,
        null,
        null,
        null,
        null,
        null,
        null,
        null,
        null,
        null,
        null,
        null,
        1,
        0,
        0,
        0,
        null,
        null,
        0,
        0,
        0,
        0,
        null,
        0,
        null,
        0,
        null,
        0,
        0,
        0,
        0,
        null,
        null,
        null,
        0,
        null,
        null,
        null,
        null,
        null,
        null,
        null,
        null,
        null,
        null,
        null,
        null,
        null,
        null,
        null,
        null,
        null,
        null,
        null,
        null,
        null,
        null,
        null,
        null,
        null,
        null,
        null,
        null,
        null,
        null,
        null,
        null,
        null,
        null,
        null,
        null,
        null,
        null,
        null,
        null,
        null,
        null,
        null,
        null,
        null,
        null,
        null,
        null,
        null,
        null,
        null,
        null,
        null,
        null,
        1,
        0,
        null,
        0,
        0,
        0,
        null,
        0,
        0,
        null,
        null,
        0,
        null,
        null,
        0,
        0,
        null,
        0,
        0,
        0,
        0,
        0,
        0,
        null,
        0,
        null,
        null,
        0,
        null,
        0,
        0,
        0,
        null,
        0,
        null,
        null,
        0,
        null,
        0,
        0,
        0,
        null,
        null,
        null,
        0,
        0,
        0,
        0,
        null,
        0,
        null,
        null,
        0,
        null,
        null,
        null,
        1,
        null,
        1,
        0,
        0,
        null,
        null,
        1,
        0,
        null,
        null,
        1,
        1,
        0,
        null,
        0,
        0,
        null,
        0,
        null,
        0,
        null,
        0,
        null,
        0,
        null,
        0,
        null,
        0,
        null,
        null,
        null,
        1,
        0,
        null,
        null,
        null,
        1,
        1,
        0,
        null,
        null,
        1,
        0,
        null,
        null,
        null,
        null,
        1,
        1,
        null,
        null,
        1,
        1,
        null,
        null,
        null,
        null,
        1
      ],
      "/Users/borisrorsvort/Sites/emuzikos/vendor/plugins/hassle/lib/hassle.rb": [
        1,
        1,
        1
      ],
      "/Users/borisrorsvort/Sites/emuzikos/vendor/plugins/hassle/lib/hassle/hassle.rb": [
        1,
        null,
        1,
        1,
        0,
        0,
        0,
        null,
        null,
        1,
        0,
        null,
        0,
        0,
        0,
        null,
        null,
        0,
        0,
        0,
        null,
        null,
        null,
        0,
        null,
        null,
        null,
        0,
        null,
        null,
        null,
        null,
        1,
        1,
        0,
        null,
        null,
        1,
        0,
        0,
        0,
        null,
        0,
        0,
        null,
        0,
        null,
        null,
        null,
        1,
        0,
        null,
        null,
        1,
        0,
        null,
        0,
        null,
        0,
        0,
        null,
        null,
        0,
        0,
        null,
        null,
        null,
        null,
        1,
        0,
        null,
        null,
        0,
        0,
        null,
        null,
        null,
        1,
        0,
        0,
        null,
        null,
        null,
        1,
        0,
        0,
        0,
        null,
        null
      ],
      "/Users/borisrorsvort/Sites/emuzikos/vendor/plugins/hassle/lib/hassle/action_view.rb": [
        null,
        null,
        null,
        1,
        1,
        1,
        null,
        1,
        1,
        1,
        206,
        206,
        0,
        0,
        0,
        0,
        null,
        0,
        null,
        null,
        206,
        null,
        1,
        null
      ],
      "/Users/borisrorsvort/Sites/emuzikos/vendor/plugins/hassle/lib/hassle/railtie.rb": [
        1,
        null,
        1,
        1,
        1,
        0,
        0,
        0,
        0,
        null,
        null,
        null
      ],
      "/Users/borisrorsvort/Sites/emuzikos/vendor/plugins/simple-private-messages/lib/simple-private-messages.rb": [
        1,
        1,
        null
      ],
      "/Users/borisrorsvort/Sites/emuzikos/vendor/plugins/simple-private-messages/lib/simple-private-messages/railtie.rb": [
        1,
        1,
        1,
        1,
        null,
        null,
        1,
        1,
        null,
        null,
        null
      ],
      "/Users/borisrorsvort/Sites/emuzikos/vendor/plugins/simple-private-messages/lib/has_private_messages_extensions.rb": [
        1,
        1,
        1,
        1,
        1,
        null,
        null,
        1,
        null,
        null,
        null,
        null,
        1,
        1,
        null,
        1,
        1,
        1,
        null,
        1,
        null,
        null,
        null,
        null,
        null,
        1,
        null,
        null,
        null,
        null,
        null,
        1,
        1,
        null,
        1,
        null,
        null,
        null,
        1,
        null,
        null,
        null,
        1,
        null,
        1,
        0,
        null,
        null,
        null,
        1,
        0,
        null,
        null,
        null,
        null,
        null,
        null,
        1,
        1,
        1,
        null,
        null
      ],
      "/Users/borisrorsvort/Sites/emuzikos/vendor/plugins/simple-private-messages/lib/private_message_extensions.rb": [
        1,
        1,
        1,
        1,
        1,
        null,
        null,
        1,
        null,
        null,
        null,
        null,
        null,
        null,
        1,
        1,
        null,
        1,
        1,
        null,
        null,
        1,
        null,
        null,
        1,
        1,
        null,
        1,
        1,
        null,
        null,
        1,
        1,
        null,
        null,
        null,
        1,
        null,
        null,
        1,
        0,
        0,
        0,
        0,
        null,
        0,
        null,
        null,
        null,
        1,
        null,
        1,
        0,
        null,
        null,
        null,
        null,
        1,
        0,
        0,
        0,
        null,
        null,
        null,
        null,
        null,
        null,
        1,
        1,
        1,
        null,
        null
      ],
      "/Users/borisrorsvort/Sites/emuzikos/app/admin/admin_users.rb": [
        1,
        1,
        0,
        0,
        0,
        0,
        0,
        null,
        1,
        0,
        0,
        null,
        0,
        null,
        null
      ],
      "/Users/borisrorsvort/Sites/emuzikos/app/models/admin_user.rb": [
        1,
        null,
        null,
        1,
        null,
        null,
        null,
        1,
        null,
        null,
        null,
        1,
        0,
        null,
        null
      ],
      "/Users/borisrorsvort/Sites/emuzikos/app/controllers/application_controller.rb": [
        1,
        1,
        1,
        1,
        null,
        1,
        1,
        null,
        1,
        16,
        16,
        null,
        null,
        1,
        16,
        null,
        null,
        null,
        null,
        1,
        2,
        null,
        null,
        1,
        0,
        null,
        null,
        1,
        null,
        1,
        null,
        1,
        0,
        null,
        null,
        1,
        0,
        0,
        null,
        null,
        null
      ],
      "/Users/borisrorsvort/Sites/emuzikos/app/helpers/application_helper.rb": [
        1,
        null,
        1,
        0,
        null,
        null,
        1,
        0,
        null,
        null,
        1,
        0,
        null,
        null,
        1,
        0,
        null,
        null,
        null,
        null,
        null,
        null,
        null,
        0,
        null,
        0,
        null,
        null
      ],
      "/Users/borisrorsvort/Sites/emuzikos/app/helpers/error_messages_helper.rb": [
        1,
        null,
        1,
        3,
        3,
        3,
        6,
        3,
        0,
        0,
        0,
        null,
        null,
        null,
        null,
        1,
        1,
        3,
        null,
        null,
        null,
        null,
        1
      ],
      "/Users/borisrorsvort/Sites/emuzikos/app/helpers/layout_helper.rb": [
        null,
        null,
        null,
        null,
        1,
        null,
        1,
        16,
        8,
        null,
        null,
        1,
        4,
        null,
        null,
        1,
        0,
        null,
        null,
        1,
        0,
        null,
        null
      ],
      "/Users/borisrorsvort/Sites/emuzikos/app/helpers/users_helper.rb": [
        1,
        1,
        0,
        null,
        null
      ],
      "/Users/borisrorsvort/Sites/emuzikos/app/admin/dashboards.rb": [
        1,
        null,
        1,
        0,
        0,
        0,
        0,
        0,
        null,
        null,
        null,
        0,
        null,
        null,
        null,
        1,
        0,
        0,
        null,
        null,
        null,
        1,
        0,
        0,
        null,
        null,
        null,
        null
      ],
      "/Users/borisrorsvort/Sites/emuzikos/app/admin/genres.rb": [
        1,
        null,
        null
      ],
      "/Users/borisrorsvort/Sites/emuzikos/app/models/genre.rb": [
        1,
        1,
        1,
        null,
        1,
        1,
        null
      ],
      "/Users/borisrorsvort/Sites/emuzikos/app/admin/instruments.rb": [
        1,
        1,
        0,
        0,
        0,
        0,
        null,
        0,
        null,
        null
      ],
      "/Users/borisrorsvort/Sites/emuzikos/app/models/instrument.rb": [
        1,
        1,
        null,
        1,
        1,
        null,
        1,
        0,
        null,
        null,
        null
      ],
      "/Users/borisrorsvort/Sites/emuzikos/app/admin/messages.rb": [
        1,
        null,
        null
      ],
      "/Users/borisrorsvort/Sites/emuzikos/app/models/message.rb": [
        1,
        null,
        1,
        null,
        1,
        null,
        1,
        null,
        1,
        0,
        null,
        null,
        null
      ],
      "/Users/borisrorsvort/Sites/emuzikos/app/admin/testimonials.rb": [
        1,
        1,
        1,
        1,
        null,
        1,
        0,
        0,
        0,
        null,
        0,
        null,
        null,
        1,
        0,
        0,
        0,
        null,
        0,
        null,
        null,
        1,
        0,
        0,
        0,
        null,
        null
      ],
      "/Users/borisrorsvort/Sites/emuzikos/app/models/testimonial.rb": [
        1,
        1,
        1,
        1,
        null,
        1,
        null,
        1,
        1,
        null,
        1,
        0,
        null,
        null,
        1,
        0,
        0,
        null,
        null
      ],
      "/Users/borisrorsvort/Sites/emuzikos/app/admin/users.rb": [
        1,
        1,
        1,
        1,
        null,
        1,
        1,
        null,
        null,
        1,
        0,
        0,
        null,
        0,
        0,
        0,
        0,
        0,
        null,
        0,
        0,
        0,
        0,
        0,
        0,
        null,
        0,
        0,
        null,
        0,
        null,
        null,
        1,
        0,
        0,
        0,
        0,
        0,
        0,
        0,
        0,
        0,
        0,
        0,
        null,
        null,
        0,
        null,
        null,
        null
      ],
      "/Users/borisrorsvort/Sites/emuzikos/app/models/user.rb": [
        1,
        null,
        1,
        null,
        1,
        1,
        1,
        1,
        1,
        1,
        1,
        1,
        1,
        null,
        1,
        1,
        1,
        null,
        1,
        1,
        null,
        1,
        null,
        null,
        null,
        1,
        null,
        25,
        1,
        1,
        1,
        1,
        null,
        1,
        null,
        1,
        1,
        1,
        null,
        1,
        null,
        null,
        null,
        null,
        null,
        null,
        null,
        null,
        null,
        null,
        null,
        null,
        null,
        null,
        null,
        null,
        null,
        null,
        null,
        null,
        null,
        null,
        null,
        null,
        null,
        null,
        null,
        null,
        null,
        null,
        null,
        null,
        null,
        1,
        1,
        1,
        1,
        null,
        1,
        0,
        null,
        null,
        1,
        0,
        null,
        null,
        1,
        2,
        null,
        null,
        1,
        0,
        0,
        0,
        null,
        null,
        1,
        0,
        0,
        null,
        null,
        1,
        46,
        null,
        null,
        1,
        0,
        null,
        null,
        1,
        4,
        null,
        null,
        1,
        0,
        null,
        null,
        1,
        0,
        null,
        null,
        1,
        2,
        2,
        2,
        2,
        null,
        null,
        1,
        null,
        1,
        0,
        null,
        null,
        1,
        24,
        24,
        24,
        4,
        4,
        null,
        null,
        null,
        1,
        0,
        0,
        0,
        0,
        0,
        null,
        null,
        null,
        1,
        null,
        1,
        24,
        7,
        null,
        null,
        null,
        1,
        48,
        null,
        null,
        null
      ],
      "/Users/borisrorsvort/Sites/emuzikos/app/controllers/friendships_controller.rb": [
        1,
        1,
        0,
        0,
        0,
        0,
        null,
        0,
        0,
        null,
        null,
        null,
        1,
        0,
        0,
        0,
        0,
        null,
        null
      ],
      "/Users/borisrorsvort/Sites/emuzikos/app/controllers/messages_controller.rb": [
        1,
        1,
        1,
        null,
        1,
        0,
        0,
        null,
        0,
        null,
        0,
        0,
        0,
        null,
        null,
        null,
        1,
        0,
        null,
        null,
        1,
        0,
        null,
        0,
        0,
        0,
        null,
        null,
        0,
        0,
        0,
        0,
        0,
        0,
        null,
        null,
        null,
        null,
        1,
        0,
        0,
        0,
        null,
        0,
        0,
        0,
        0,
        0,
        null,
        0,
        null,
        0,
        null,
        null,
        null,
        1,
        0,
        0,
        0,
        0,
        0,
        null,
        0,
        null,
        0,
        null,
        null,
        null,
        1,
        1,
        0,
        null,
        null
      ],
      "/Users/borisrorsvort/Sites/emuzikos/app/controllers/pages_controller.rb": [
        1,
        null,
        1,
        0,
        0,
        null,
        null,
        1,
        3,
        0,
        null,
        null,
        null,
        null
      ],
      "/Users/borisrorsvort/Sites/emuzikos/app/controllers/services_controller.rb": [
        1,
        null,
        1,
        null,
        1,
        null,
        0,
        null,
        null,
        1,
        null,
        0,
        0,
        null,
        0,
        null,
        null,
        1,
        null,
        0,
        null,
        null,
        0,
        null,
        null,
        0,
        null,
        null,
        0,
        0,
        0,
        0,
        0,
        null,
        0,
        0,
        0,
        0,
        null,
        null,
        0,
        null,
        0,
        null,
        null,
        null,
        0,
        null,
        null,
        0,
        null,
        null,
        0,
        0,
        0,
        0,
        null,
        null,
        0,
        null,
        0,
        0,
        null,
        0,
        0,
        0,
        null,
        null,
        0,
        null,
        null,
        0,
        null,
        null,
        0,
        null,
        null,
        null,
        0,
        null,
        null,
        null,
        0,
        null,
        0,
        null,
        null,
        0,
        0,
        null,
        null,
        null,
        null,
        null,
        null,
        0,
        0,
        0,
        0,
        0,
        null,
        0,
        0,
        null,
        null,
        null,
        0,
        0,
        null,
        null,
        0,
        0,
        null,
        null,
        null
      ],
      "/Users/borisrorsvort/Sites/emuzikos/app/controllers/sitemaps_controller.rb": [
        1,
        1,
        1,
        null,
        1,
        0,
        0,
        0,
        0,
        null,
        null,
        null
      ],
      "/Users/borisrorsvort/Sites/emuzikos/app/controllers/testimonials_controller.rb": [
        1,
        1,
        null,
        1,
        1,
        null,
        null,
        1,
        1,
        null,
        null,
        1,
        1,
        1,
        null,
        1,
        1,
        1,
        null,
        0,
        null,
        null,
        null,
        null
      ],
      "/Users/borisrorsvort/Sites/emuzikos/app/controllers/users_controller.rb": [
        1,
        1,
        null,
        1,
        null,
        0,
        null,
        0,
        null,
        0,
        null,
        0,
        0,
        0,
        0,
        0,
        0,
        null,
        null,
        null,
        1,
        2,
        2,
        2,
        2,
        2,
        null,
        2,
        null,
        null,
        1,
        4,
        4,
        4,
        null,
        null,
        1,
        0,
        0,
        null,
        0,
        0,
        null,
        0,
        0,
        0,
        null,
        0,
        0,
        null,
        null,
        0,
        0,
        null,
        null,
        null,
        1,
        0,
        null,
        null,
        null,
        null,
        null,
        null
      ],
      "/Users/borisrorsvort/Sites/emuzikos/app/mailers/notifier.rb": [
        1,
        1,
        1,
        1,
        1,
        1,
        null,
        1,
        null,
        0,
        0,
        0,
        0,
        0,
        0,
        null,
        1,
        0,
        0,
        0,
        0,
        null,
        0,
        null,
        null,
        null
      ],
      "/Users/borisrorsvort/Sites/emuzikos/app/models/app_config.rb": [
        1,
        1,
        1,
        null
      ],
      "/Users/borisrorsvort/Sites/emuzikos/app/models/friendship.rb": [
        1,
        1,
        1,
        null
      ],
      "/Users/borisrorsvort/Sites/emuzikos/app/models/service.rb": [
        1,
        1,
        1,
        null
      ],
      "/Users/borisrorsvort/Sites/emuzikos/app/models/taste.rb": [
        1,
        1,
        1,
        null
      ]
    },
    "timestamp": 1320949902
  },
  "/Users/borisrorsvort/.rvm/gems/ruby-1.9.2-p290@rails_303/bin/rcov ": {
    "coverage": {
      "/Users/borisrorsvort/Sites/emuzikos/vendor/plugins/dynamic_form/lib/dynamic_form.rb": [
        1,
        null,
        1,
        1,
        null
      ],
      "/Users/borisrorsvort/Sites/emuzikos/vendor/plugins/dynamic_form/lib/action_view/helpers/dynamic_form.rb": [
        1,
        1,
        1,
        1,
        null,
        1,
        1,
        null,
        null,
        null,
        null,
        1,
        null,
        null,
        null,
        null,
        null,
        1,
        0,
        null,
        null,
        null,
        null,
        null,
        null,
        null,
        null,
        null,
        null,
        null,
        null,
        null,
        null,
        null,
        null,
        null,
        null,
        null,
        null,
        null,
        null,
        null,
        null,
        null,
        null,
        null,
        null,
        null,
        null,
        null,
        null,
        null,
        null,
        null,
        null,
        null,
        null,
        null,
        null,
        null,
        null,
        null,
        null,
        null,
        null,
        null,
        null,
        null,
        null,
        null,
        null,
        1,
        0,
        0,
        null,
        0,
        0,
        0,
        null,
        0,
        null,
        0,
        0,
        0,
        0,
        0,
        0,
        null,
        null,
        null,
        null,
        null,
        null,
        null,
        null,
        null,
        null,
        null,
        null,
        null,
        null,
        null,
        null,
        null,
        null,
        null,
        null,
        null,
        1,
        0,
        0,
        0,
        null,
        null,
        0,
        0,
        0,
        0,
        null,
        0,
        null,
        0,
        null,
        0,
        0,
        0,
        0,
        null,
        null,
        null,
        0,
        null,
        null,
        null,
        null,
        null,
        null,
        null,
        null,
        null,
        null,
        null,
        null,
        null,
        null,
        null,
        null,
        null,
        null,
        null,
        null,
        null,
        null,
        null,
        null,
        null,
        null,
        null,
        null,
        null,
        null,
        null,
        null,
        null,
        null,
        null,
        null,
        null,
        null,
        null,
        null,
        null,
        null,
        null,
        null,
        null,
        null,
        null,
        null,
        null,
        null,
        null,
        null,
        null,
        null,
        1,
        0,
        null,
        0,
        0,
        0,
        null,
        0,
        0,
        null,
        null,
        0,
        null,
        null,
        0,
        0,
        null,
        0,
        0,
        0,
        0,
        0,
        0,
        null,
        0,
        null,
        null,
        0,
        null,
        0,
        0,
        0,
        null,
        0,
        null,
        null,
        0,
        null,
        0,
        0,
        0,
        null,
        null,
        null,
        0,
        0,
        0,
        0,
        null,
        0,
        null,
        null,
        0,
        null,
        null,
        null,
        1,
        null,
        1,
        0,
        0,
        null,
        null,
        1,
        0,
        null,
        null,
        1,
        1,
        0,
        null,
        0,
        0,
        null,
        0,
        null,
        0,
        null,
        0,
        null,
        0,
        null,
        0,
        null,
        0,
        null,
        null,
        null,
        1,
        0,
        null,
        null,
        null,
        1,
        1,
        0,
        null,
        null,
        1,
        0,
        null,
        null,
        null,
        null,
        1,
        1,
        null,
        null,
        1,
        1,
        null,
        null,
        null,
        null,
        1
      ],
      "/Users/borisrorsvort/Sites/emuzikos/vendor/plugins/hassle/lib/hassle.rb": [
        1,
        1,
        1
      ],
      "/Users/borisrorsvort/Sites/emuzikos/vendor/plugins/hassle/lib/hassle/hassle.rb": [
        1,
        null,
        1,
        1,
        0,
        0,
        0,
        null,
        null,
        1,
        0,
        null,
        0,
        0,
        0,
        null,
        null,
        0,
        0,
        0,
        null,
        null,
        null,
        0,
        null,
        null,
        null,
        0,
        null,
        null,
        null,
        null,
        1,
        1,
        0,
        null,
        null,
        1,
        0,
        0,
        0,
        null,
        0,
        0,
        null,
        0,
        null,
        null,
        null,
        1,
        0,
        null,
        null,
        1,
        0,
        null,
        0,
        null,
        0,
        0,
        null,
        null,
        0,
        0,
        null,
        null,
        null,
        null,
        1,
        0,
        null,
        null,
        0,
        0,
        null,
        null,
        null,
        1,
        0,
        0,
        null,
        null,
        null,
        1,
        0,
        0,
        0,
        null,
        null
      ],
      "/Users/borisrorsvort/Sites/emuzikos/vendor/plugins/hassle/lib/hassle/action_view.rb": [
        null,
        null,
        null,
        1,
        1,
        1,
        null,
        1,
        1,
        1,
        0,
        0,
        0,
        0,
        0,
        0,
        null,
        0,
        null,
        null,
        0,
        null,
        1,
        null
      ],
      "/Users/borisrorsvort/Sites/emuzikos/vendor/plugins/hassle/lib/hassle/railtie.rb": [
        1,
        null,
        1,
        1,
        1,
        0,
        0,
        0,
        0,
        null,
        null,
        null
      ],
      "/Users/borisrorsvort/Sites/emuzikos/vendor/plugins/simple-private-messages/lib/simple-private-messages.rb": [
        1,
        1,
        null
      ],
      "/Users/borisrorsvort/Sites/emuzikos/vendor/plugins/simple-private-messages/lib/simple-private-messages/railtie.rb": [
        1,
        1,
        1,
        1,
        null,
        null,
        1,
        1,
        null,
        null,
        null
      ],
      "/Users/borisrorsvort/Sites/emuzikos/vendor/plugins/simple-private-messages/lib/has_private_messages_extensions.rb": [
        1,
        1,
        1,
        1,
        1,
        null,
        null,
        1,
        null,
        null,
        null,
        null,
        1,
        1,
        null,
        1,
        1,
        1,
        null,
        1,
        null,
        null,
        null,
        null,
        null,
        1,
        null,
        null,
        null,
        null,
        null,
        1,
        1,
        null,
        1,
        null,
        null,
        null,
        1,
        null,
        null,
        null,
        1,
        null,
        1,
        0,
        null,
        null,
        null,
        1,
        0,
        null,
        null,
        null,
        null,
        null,
        null,
        1,
        1,
        1,
        null,
        null
      ],
      "/Users/borisrorsvort/Sites/emuzikos/vendor/plugins/simple-private-messages/lib/private_message_extensions.rb": [
        1,
        1,
        1,
        1,
        1,
        null,
        null,
        1,
        null,
        null,
        null,
        null,
        null,
        null,
        1,
        1,
        null,
        1,
        1,
        null,
        null,
        1,
        null,
        null,
        1,
        1,
        null,
        1,
        1,
        null,
        null,
        1,
        1,
        null,
        null,
        null,
        1,
        null,
        null,
        1,
        0,
        0,
        0,
        0,
        null,
        0,
        null,
        null,
        null,
        1,
        null,
        1,
        0,
        null,
        null,
        null,
        null,
        1,
        0,
        0,
        0,
        null,
        null,
        null,
        null,
        null,
        null,
        1,
        1,
        1,
        null,
        null
      ],
      "/Users/borisrorsvort/Sites/emuzikos/app/admin/admin_users.rb": [
        1,
        1,
        0,
        0,
        0,
        0,
        0,
        null,
        1,
        0,
        0,
        null,
        0,
        null,
        null
      ],
      "/Users/borisrorsvort/Sites/emuzikos/app/models/admin_user.rb": [
        1,
        null,
        null,
        1,
        null,
        null,
        null,
        1,
        null,
        null,
        null,
        1,
        0,
        null,
        null
      ],
      "/Users/borisrorsvort/Sites/emuzikos/app/controllers/application_controller.rb": [
        1,
        1,
        1,
        1,
        null,
        1,
        1,
        null,
        1,
        2,
        2,
        null,
        null,
        1,
        2,
        null,
        null,
        null,
        null,
        1,
        0,
        null,
        null,
        1,
        0,
        null,
        null,
        1,
        null,
        1,
        null,
        1,
        0,
        null,
        null,
        1,
        0,
        0,
        null,
        null,
        null
      ],
      "/Users/borisrorsvort/Sites/emuzikos/app/helpers/application_helper.rb": [
        1,
        1,
        0,
        0,
        0,
        0,
        null,
        null,
        1,
        0,
        null,
        null,
        1,
        0,
        null,
        null,
        1,
        0,
        null,
        null,
        1,
        0,
        null,
        null,
        null,
        null,
        null,
        null,
        null,
        0,
        null,
        0,
        null,
        null
      ],
      "/Users/borisrorsvort/Sites/emuzikos/app/helpers/error_messages_helper.rb": [
        1,
        null,
        1,
        0,
        0,
        0,
        0,
        0,
        0,
        0,
        0,
        null,
        null,
        null,
        null,
        1,
        1,
        0,
        null,
        null,
        null,
        null,
        1
      ],
      "/Users/borisrorsvort/Sites/emuzikos/app/helpers/layout_helper.rb": [
        null,
        null,
        null,
        null,
        1,
        null,
        1,
        0,
        0,
        null,
        null,
        1,
        0,
        null,
        null,
        1,
        0,
        null,
        null,
        1,
        0,
        null,
        null
      ],
      "/Users/borisrorsvort/Sites/emuzikos/app/helpers/users_helper.rb": [
        1,
        1,
        0,
        null,
        null
      ],
      "/Users/borisrorsvort/Sites/emuzikos/app/admin/dashboards.rb": [
        1,
        null,
        1,
        0,
        0,
        0,
        0,
        0,
        null,
        null,
        null,
        0,
        null,
        null,
        null,
        1,
        0,
        0,
        null,
        null,
        null,
        1,
        0,
        0,
        null,
        null,
        null,
        null
      ],
      "/Users/borisrorsvort/Sites/emuzikos/app/admin/genres.rb": [
        1,
        null,
        null
      ],
      "/Users/borisrorsvort/Sites/emuzikos/app/models/genre.rb": [
        1,
        1,
        1,
        null,
        1,
        1,
        null
      ],
      "/Users/borisrorsvort/Sites/emuzikos/app/admin/instruments.rb": [
        1,
        1,
        0,
        0,
        0,
        0,
        null,
        0,
        null,
        null
      ],
      "/Users/borisrorsvort/Sites/emuzikos/app/models/instrument.rb": [
        1,
        1,
        null,
        1,
        1,
        null,
        1,
        0,
        null,
        null,
        null
      ],
      "/Users/borisrorsvort/Sites/emuzikos/app/admin/messages.rb": [
        1,
        null,
        null
      ],
      "/Users/borisrorsvort/Sites/emuzikos/app/models/message.rb": [
        1,
        null,
        1,
        null,
        1,
        null,
        1,
        null,
        1,
        0,
        null,
        null,
        null
      ],
      "/Users/borisrorsvort/Sites/emuzikos/app/admin/testimonials.rb": [
        1,
        1,
        1,
        1,
        null,
        1,
        0,
        0,
        0,
        null,
        0,
        null,
        null,
        1,
        0,
        0,
        0,
        null,
        0,
        null,
        null,
        1,
        0,
        0,
        0,
        null,
        null
      ],
      "/Users/borisrorsvort/Sites/emuzikos/app/models/testimonial.rb": [
        1,
        1,
        1,
        1,
        null,
        1,
        null,
        1,
        1,
        null,
        1,
        0,
        null,
        null,
        1,
        0,
        0,
        null,
        null
      ],
      "/Users/borisrorsvort/Sites/emuzikos/app/admin/users.rb": [
        1,
        1,
        1,
        null,
        null,
        1,
        0,
        0,
        null,
        0,
        0,
        0,
        0,
        0,
        0,
        0,
        0,
        0,
        0,
        0,
        0,
        null,
        null,
        1,
        0,
        0,
        0,
        0,
        0,
        0,
        0,
        0,
        0,
        0,
        0,
        0,
        null,
        null,
        0,
        null,
        null,
        null
      ],
      "/Users/borisrorsvort/Sites/emuzikos/app/models/user.rb": [
        1,
        null,
        1,
        null,
        1,
        1,
        1,
        1,
        1,
        1,
        1,
        1,
        1,
        null,
        1,
        1,
        1,
        null,
        1,
        1,
        null,
        1,
        null,
        null,
        null,
        1,
        null,
        20,
        1,
        1,
        1,
        1,
        null,
        1,
        null,
        1,
        1,
        1,
        null,
        1,
        null,
        null,
        null,
        null,
        null,
        null,
        null,
        null,
        null,
        null,
        null,
        null,
        null,
        null,
        null,
        null,
        null,
        null,
        null,
        null,
        null,
        null,
        null,
        null,
        null,
        null,
        null,
        null,
        null,
        null,
        null,
        null,
        null,
        1,
        1,
        1,
        1,
        null,
        1,
        0,
        null,
        null,
        1,
        0,
        0,
        0,
        null,
        null,
        1,
        0,
        0,
        null,
        null,
        1,
        0,
        null,
        null,
        1,
        0,
        null,
        null,
        1,
        4,
        null,
        null,
        1,
        0,
        null,
        null,
        1,
        0,
        null,
        null,
        1,
        null,
        1,
        0,
        null,
        null,
        1,
        19,
        19,
        19,
        4,
        4,
        null,
        null,
        null,
        1,
        0,
        0,
        0,
        0,
        0,
        null,
        null,
        null,
        1,
        null,
        1,
        19,
        2,
        null,
        null,
        null,
        1,
        38,
        null,
        null,
        null
      ],
      "/Users/borisrorsvort/Sites/emuzikos/app/controllers/friendships_controller.rb": [
        1,
        1,
        0,
        0,
        0,
        0,
        null,
        0,
        0,
        null,
        null,
        null,
        1,
        0,
        0,
        0,
        0,
        null,
        null
      ],
      "/Users/borisrorsvort/Sites/emuzikos/app/controllers/messages_controller.rb": [
        1,
        1,
        1,
        null,
        1,
        0,
        0,
        null,
        0,
        null,
        0,
        0,
        0,
        null,
        null,
        null,
        1,
        0,
        null,
        null,
        1,
        0,
        null,
        0,
        0,
        0,
        null,
        null,
        0,
        0,
        0,
        0,
        0,
        0,
        null,
        null,
        null,
        null,
        1,
        0,
        0,
        0,
        null,
        0,
        0,
        0,
        0,
        0,
        null,
        0,
        null,
        0,
        null,
        null,
        null,
        1,
        0,
        0,
        0,
        0,
        0,
        null,
        0,
        null,
        0,
        null,
        null,
        null,
        1,
        1,
        0,
        null,
        null
      ],
      "/Users/borisrorsvort/Sites/emuzikos/app/controllers/pages_controller.rb": [
        1,
        null,
        1,
        0,
        0,
        null,
        null,
        1,
        3,
        0,
        null,
        null,
        null,
        null
      ],
      "/Users/borisrorsvort/Sites/emuzikos/app/controllers/services_controller.rb": [
        1,
        null,
        1,
        null,
        1,
        null,
        0,
        null,
        null,
        1,
        null,
        0,
        0,
        null,
        0,
        null,
        null,
        1,
        null,
        0,
        null,
        null,
        0,
        null,
        null,
        0,
        null,
        null,
        0,
        0,
        0,
        0,
        0,
        null,
        0,
        0,
        0,
        0,
        null,
        null,
        0,
        null,
        0,
        null,
        null,
        null,
        0,
        null,
        null,
        0,
        null,
        null,
        0,
        0,
        0,
        0,
        null,
        null,
        0,
        null,
        0,
        0,
        null,
        0,
        0,
        0,
        null,
        null,
        0,
        null,
        null,
        0,
        null,
        null,
        0,
        null,
        null,
        null,
        0,
        null,
        null,
        null,
        0,
        null,
        0,
        null,
        null,
        0,
        0,
        null,
        null,
        null,
        null,
        null,
        null,
        0,
        0,
        0,
        0,
        0,
        null,
        0,
        0,
        null,
        null,
        null,
        0,
        0,
        null,
        null,
        0,
        0,
        null,
        null,
        null
      ],
      "/Users/borisrorsvort/Sites/emuzikos/app/controllers/sitemaps_controller.rb": [
        1,
        1,
        1,
        null,
        1,
        0,
        0,
        0,
        0,
        null,
        null,
        null
      ],
      "/Users/borisrorsvort/Sites/emuzikos/app/controllers/testimonials_controller.rb": [
        1,
        1,
        0,
        null,
        null,
        1,
        0,
        null,
        null,
        1,
        0,
        0,
        null,
        0,
        0,
        0,
        null,
        0,
        null,
        null,
        null,
        null
      ],
      "/Users/borisrorsvort/Sites/emuzikos/app/controllers/users_controller.rb": [
        1,
        1,
        null,
        null,
        1,
        0,
        0,
        0,
        0,
        0,
        0,
        0,
        0,
        null,
        null,
        null,
        1,
        2,
        2,
        2,
        2,
        2,
        null,
        null,
        null,
        1,
        0,
        0,
        0,
        null,
        null,
        1,
        0,
        0,
        null,
        0,
        0,
        null,
        0,
        0,
        0,
        null,
        0,
        0,
        null,
        null,
        0,
        0,
        null,
        null,
        null,
        1,
        0,
        null,
        null,
        null,
        null,
        null,
        null
      ],
      "/Users/borisrorsvort/Sites/emuzikos/app/mailers/notifier.rb": [
        1,
        1,
        1,
        1,
        1,
        1,
        null,
        1,
        null,
        0,
        0,
        0,
        0,
        0,
        0,
        null,
        1,
        0,
        0,
        0,
        0,
        null,
        0,
        null,
        null,
        null
      ],
      "/Users/borisrorsvort/Sites/emuzikos/app/models/app_config.rb": [
        1,
        1,
        1,
        null
      ],
      "/Users/borisrorsvort/Sites/emuzikos/app/models/friendship.rb": [
        1,
        1,
        1,
        null
      ],
      "/Users/borisrorsvort/Sites/emuzikos/app/models/service.rb": [
        1,
        1,
        1,
        null
      ],
      "/Users/borisrorsvort/Sites/emuzikos/app/models/taste.rb": [
        1,
        1,
        1,
        null
      ]
    },
    "timestamp": 1318965087
  }
}
