{
  "RSpec": {
    "coverage": {
      "/Users/borisrorsvort/Sites/emuzikos/vendor/plugins/simple-private-messages/lib/simple-private-messages.rb": [
        1,
        1,
        null
      ],
      "/Users/borisrorsvort/Sites/emuzikos/vendor/plugins/simple-private-messages/lib/simple-private-messages/railtie.rb": [
        1,
        1,
        1,
        1,
        null,
        null,
        1,
        1,
        null,
        null,
        null
      ],
      "/Users/borisrorsvort/Sites/emuzikos/vendor/plugins/simple-private-messages/lib/has_private_messages_extensions.rb": [
        1,
        1,
        1,
        1,
        1,
        null,
        null,
        1,
        null,
        null,
        null,
        null,
        1,
        1,
        null,
        1,
        1,
        1,
        null,
        1,
        null,
        null,
        null,
        null,
        null,
        1,
        null,
        null,
        null,
        null,
        null,
        1,
        1,
        null,
        1,
        null,
        null,
        null,
        1,
        null,
        null,
        null,
        1,
        null,
        1,
        0,
        null,
        null,
        null,
        1,
        0,
        null,
        null,
        null,
        null,
        null,
        null,
        1,
        1,
        1,
        null,
        null
      ],
      "/Users/borisrorsvort/Sites/emuzikos/vendor/plugins/simple-private-messages/lib/private_message_extensions.rb": [
        1,
        1,
        1,
        1,
        1,
        null,
        null,
        1,
        null,
        null,
        null,
        null,
        null,
        null,
        1,
        1,
        null,
        1,
        1,
        null,
        null,
        1,
        null,
        null,
        1,
        1,
        null,
        1,
        1,
        null,
        null,
        1,
        1,
        null,
        null,
        null,
        1,
        null,
        null,
        1,
        0,
        0,
        0,
        0,
        null,
        0,
        null,
        null,
        null,
        1,
        null,
        1,
        1,
        null,
        null,
        null,
        null,
        1,
        0,
        0,
        0,
        null,
        null,
        null,
        null,
        null,
        null,
        1,
        1,
        1,
        null,
        null
      ],
      "/Users/borisrorsvort/Sites/emuzikos/app/controllers/application_controller.rb": [
        1,
        1,
        1,
        1,
        1,
        null,
        null,
        1,
        1,
        null,
        1,
        38,
        38,
        null,
        null,
        1,
        38,
        null,
        null,
        null,
        null,
        1,
        6,
        null,
        null,
        1,
        0,
        null,
        null,
        1,
        0,
        0,
        0,
        0,
        null,
        0,
        null,
        null,
        1,
        0,
        null,
        null,
        1,
        0,
        null,
        null,
        1,
        38,
        32,
        null,
        6,
        null,
        null,
        null,
        1,
        6,
        6,
        0,
        null,
        null,
        null,
        1,
        null,
        1,
        0,
        null,
        null,
        1,
        0,
        0,
        null,
        null,
        null
      ],
      "/Users/borisrorsvort/Sites/emuzikos/app/helpers/application_helper.rb": [
        1,
        null,
        1,
        0,
        null,
        null,
        1,
        0,
        null,
        null,
        1,
        0,
        null,
        null,
        1,
        1,
        null,
        null,
        null,
        null,
        null,
        null,
        null,
        1,
        null,
        1,
        null,
        null
      ],
      "/Users/borisrorsvort/Sites/emuzikos/app/helpers/error_messages_helper.rb": [
        1,
        null,
        1,
        15,
        15,
        15,
        30,
        15,
        2,
        4,
        2,
        null,
        null,
        null,
        null,
        1,
        1,
        15,
        null,
        null,
        null,
        null,
        1
      ],
      "/Users/borisrorsvort/Sites/emuzikos/app/helpers/layout_helper.rb": [
        null,
        null,
        null,
        null,
        1,
        null,
        1,
        22,
        11,
        null,
        null,
        1,
        19,
        null,
        null,
        1,
        0,
        null,
        null,
        1,
        0,
        null,
        null
      ],
      "/Users/borisrorsvort/Sites/emuzikos/app/helpers/users_helper.rb": [
        1,
        1,
        0,
        null,
        1,
        44,
        12,
        11,
        null,
        null
      ],
      "/Users/borisrorsvort/Sites/emuzikos/app/models/admin_user.rb": [
        1,
        null,
        null,
        1,
        null,
        null,
        null,
        1,
        null,
        null,
        1,
        null,
        null,
        null,
        1,
        null,
        null,
        null,
        1,
        0,
        null,
        null
      ],
      "/Users/borisrorsvort/Sites/emuzikos/app/models/user.rb": [
        1,
        null,
        1,
        null,
        1,
        1,
        null,
        1,
        1,
        1,
        1,
        1,
        1,
        1,
        1,
        1,
        null,
        1,
        1,
        null,
        1,
        1,
        1,
        null,
        1,
        null,
        null,
        null,
        null,
        null,
        null,
        null,
        null,
        null,
        null,
        null,
        null,
        null,
        null,
        null,
        null,
        null,
        null,
        null,
        null,
        null,
        null,
        null,
        null,
        null,
        null,
        null,
        null,
        null,
        null,
        1,
        null,
        31,
        1,
        1,
        1,
        null,
        1,
        null,
        null,
        1,
        null,
        null,
        null,
        1,
        null,
        1,
        null,
        1,
        1,
        1,
        null,
        1,
        null,
        null,
        null,
        null,
        null,
        null,
        null,
        null,
        null,
        null,
        null,
        null,
        null,
        null,
        null,
        null,
        null,
        null,
        null,
        null,
        null,
        null,
        null,
        null,
        null,
        null,
        null,
        null,
        null,
        null,
        null,
        null,
        1,
        1,
        1,
        1,
        null,
        1,
        1,
        1,
        null,
        null,
        1,
        0,
        null,
        null,
        1,
        0,
        null,
        null,
        1,
        0,
        null,
        null,
        1,
        30,
        null,
        null,
        1,
        1,
        null,
        null,
        1,
        0,
        null,
        null,
        1,
        3,
        3,
        3,
        3,
        null,
        null,
        1,
        3,
        3,
        3,
        3,
        3,
        3,
        0,
        0,
        null,
        null,
        null,
        null,
        1,
        null,
        2,
        null,
        null,
        1,
        null,
        1,
        26,
        26,
        0,
        0,
        null,
        26,
        26,
        null,
        null,
        null,
        1,
        0,
        null,
        null,
        1,
        null,
        null,
        30,
        30,
        null,
        30,
        30,
        null,
        30,
        30,
        null,
        0,
        0,
        null,
        4,
        4,
        null,
        null,
        null,
        1,
        30,
        null,
        null,
        1,
        null,
        1,
        13,
        13,
        null,
        null,
        null,
        1,
        30,
        null,
        null,
        null
      ],
      "/Users/borisrorsvort/Sites/emuzikos/app/models/message.rb": [
        1,
        null,
        1,
        null,
        1,
        null,
        1,
        null,
        1,
        0,
        null,
        null,
        null
      ],
      "/Users/borisrorsvort/Sites/emuzikos/app/admin/admin_users.rb": [
        1,
        1,
        0,
        0,
        0,
        0,
        0,
        null,
        1,
        0,
        0,
        null,
        0,
        null,
        null
      ],
      "/Users/borisrorsvort/Sites/emuzikos/app/admin/dashboards.rb": [
        1,
        null,
        1,
        0,
        0,
        null,
        null,
        null,
        1,
        0,
        0,
        null,
        null,
        null,
        1,
        0,
        0,
        null,
        null,
        null,
        1,
        0,
        0,
        0,
        0,
        0,
        null,
        null,
        null,
        0,
        null,
        null,
        null,
        null,
        1,
        0,
        0,
        0,
        0,
        null,
        null,
        null,
        1,
        0,
        0,
        0,
        0,
        0,
        0,
        null,
        null,
        null,
        0,
        null,
        null,
        null,
        null
      ],
      "/Users/borisrorsvort/Sites/emuzikos/app/admin/genres.rb": [
        1,
        1,
        0,
        0,
        0,
        0,
        null,
        0,
        null,
        null
      ],
      "/Users/borisrorsvort/Sites/emuzikos/app/models/genre.rb": [
        1,
        1,
        1,
        null,
        1,
        1,
        null,
        1,
        0,
        null,
        null,
        1,
        0,
        null,
        null
      ],
      "/Users/borisrorsvort/Sites/emuzikos/app/admin/instruments.rb": [
        1,
        1,
        0,
        0,
        0,
        0,
        null,
        0,
        null,
        null
      ],
      "/Users/borisrorsvort/Sites/emuzikos/app/models/instrument.rb": [
        1,
        1,
        1,
        null,
        1,
        1,
        null,
        1,
        0,
        null,
        null,
        1,
        1,
        null,
        null
      ],
      "/Users/borisrorsvort/Sites/emuzikos/app/admin/messages.rb": [
        1,
        1,
        0,
        0,
        0,
        null,
        null,
        null
      ],
      "/Users/borisrorsvort/Sites/emuzikos/app/admin/testimonials.rb": [
        1,
        1,
        1,
        1,
        null,
        1,
        0,
        0,
        0,
        null,
        0,
        null,
        null,
        1,
        0,
        0,
        0,
        null,
        0,
        null,
        null,
        1,
        0,
        0,
        0,
        null,
        null
      ],
      "/Users/borisrorsvort/Sites/emuzikos/app/models/testimonial.rb": [
        1,
        1,
        1,
        1,
        null,
        1,
        null,
        1,
        1,
        null,
        1,
        0,
        null,
        null,
        1,
        0,
        0,
        null,
        null
      ],
      "/Users/borisrorsvort/Sites/emuzikos/app/admin/users.rb": [
        1,
        1,
        1,
        1,
        null,
        1,
        0,
        0,
        0,
        null,
        null,
        0,
        0,
        null,
        0,
        0,
        null,
        null,
        null,
        null,
        1,
        null,
        null,
        null,
        1,
        0,
        0,
        null,
        0,
        0,
        0,
        0,
        0,
        null,
        0,
        0,
        null,
        0,
        0,
        0,
        null,
        0,
        0,
        null,
        0,
        0,
        null,
        0,
        0,
        null,
        0,
        null,
        null,
        1,
        0,
        0,
        0,
        0,
        0,
        0,
        0,
        0,
        0,
        0,
        0,
        0,
        0,
        0,
        0,
        null,
        null,
        null,
        0,
        null,
        null,
        null
      ],
      "/Users/borisrorsvort/Sites/emuzikos/app/controllers/errors_controller.rb": [
        1,
        null,
        null
      ],
      "/Users/borisrorsvort/Sites/emuzikos/app/controllers/friendships_controller.rb": [
        1,
        1,
        0,
        0,
        0,
        0,
        null,
        0,
        0,
        null,
        null,
        null,
        1,
        0,
        0,
        0,
        0,
        null,
        null
      ],
      "/Users/borisrorsvort/Sites/emuzikos/app/controllers/mailchimp_controller.rb": [
        1,
        1,
        0,
        0,
        0,
        0,
        null,
        0,
        0,
        null,
        0,
        0,
        null,
        0,
        null,
        null,
        1,
        1,
        0,
        0,
        0,
        null,
        0,
        null,
        null,
        1,
        0,
        0,
        0,
        null,
        0,
        null,
        null
      ],
      "/Users/borisrorsvort/Sites/emuzikos/app/controllers/messages_controller.rb": [
        1,
        1,
        1,
        null,
        1,
        2,
        1,
        null,
        1,
        null,
        2,
        0,
        0,
        null,
        null,
        null,
        1,
        0,
        null,
        null,
        1,
        1,
        null,
        1,
        1,
        1,
        null,
        null,
        1,
        0,
        0,
        0,
        0,
        0,
        null,
        null,
        null,
        null,
        1,
        1,
        1,
        1,
        null,
        1,
        1,
        1,
        1,
        1,
        null,
        1,
        null,
        0,
        null,
        null,
        null,
        1,
        0,
        0,
        0,
        0,
        0,
        null,
        0,
        null,
        0,
        null,
        null,
        null,
        1,
        1,
        4,
        null,
        null
      ],
      "/Users/borisrorsvort/Sites/emuzikos/app/controllers/pages_controller.rb": [
        1,
        null,
        1,
        0,
        0,
        null,
        null,
        1,
        3,
        0,
        null,
        null,
        null,
        null
      ],
      "/Users/borisrorsvort/Sites/emuzikos/app/controllers/services_controller.rb": [
        1,
        null,
        1,
        null,
        1,
        null,
        0,
        null,
        null,
        1,
        null,
        0,
        0,
        null,
        0,
        null,
        null,
        1,
        null,
        0,
        null,
        null,
        0,
        null,
        null,
        0,
        null,
        null,
        0,
        0,
        0,
        0,
        0,
        null,
        0,
        0,
        0,
        0,
        null,
        null,
        0,
        null,
        0,
        null,
        null,
        null,
        0,
        null,
        null,
        0,
        null,
        null,
        0,
        0,
        0,
        0,
        null,
        null,
        0,
        null,
        0,
        0,
        null,
        0,
        0,
        0,
        null,
        null,
        0,
        null,
        null,
        0,
        null,
        null,
        0,
        null,
        null,
        null,
        0,
        null,
        null,
        null,
        0,
        null,
        0,
        null,
        null,
        0,
        0,
        null,
        null,
        null,
        null,
        null,
        null,
        0,
        0,
        0,
        0,
        0,
        null,
        0,
        0,
        null,
        null,
        null,
        0,
        0,
        null,
        null,
        0,
        0,
        null,
        null,
        null
      ],
      "/Users/borisrorsvort/Sites/emuzikos/app/controllers/sitemaps_controller.rb": [
        1,
        1,
        1,
        null,
        1,
        0,
        0,
        0,
        0,
        null,
        null,
        null
      ],
      "/Users/borisrorsvort/Sites/emuzikos/app/controllers/testimonials_controller.rb": [
        1,
        1,
        null,
        1,
        1,
        null,
        null,
        1,
        2,
        null,
        null,
        1,
        2,
        2,
        null,
        2,
        1,
        1,
        null,
        1,
        null,
        null,
        null,
        null
      ],
      "/Users/borisrorsvort/Sites/emuzikos/app/controllers/users_controller.rb": [
        1,
        1,
        null,
        1,
        null,
        0,
        null,
        0,
        null,
        0,
        null,
        0,
        0,
        0,
        0,
        null,
        0,
        0,
        null,
        null,
        null,
        1,
        3,
        3,
        3,
        3,
        3,
        null,
        3,
        null,
        3,
        2,
        null,
        null,
        null,
        1,
        12,
        12,
        12,
        null,
        null,
        1,
        2,
        2,
        null,
        2,
        2,
        2,
        null,
        2,
        1,
        null,
        1,
        0,
        0,
        null,
        null,
        1,
        null,
        1,
        1,
        null,
        null,
        null,
        1,
        0,
        null,
        null,
        1,
        0,
        null,
        null
      ],
      "/Users/borisrorsvort/Sites/emuzikos/app/mailers/notifier.rb": [
        1,
        1,
        1,
        1,
        1,
        1,
        null,
        1,
        null,
        0,
        0,
        0,
        0,
        0,
        0,
        null,
        1,
        1,
        1,
        1,
        1,
        null,
        1,
        null,
        null
      ],
      "/Users/borisrorsvort/Sites/emuzikos/app/models/app_config.rb": [
        1,
        1,
        1,
        null
      ],
      "/Users/borisrorsvort/Sites/emuzikos/app/models/friendship.rb": [
        1,
        1,
        1,
        null
      ],
      "/Users/borisrorsvort/Sites/emuzikos/app/models/service.rb": [
        1,
        1,
        1,
        null
      ],
      "/Users/borisrorsvort/Sites/emuzikos/app/models/skill.rb": [
        1,
        1,
        1,
        null
      ],
      "/Users/borisrorsvort/Sites/emuzikos/app/models/taste.rb": [
        1,
        1,
        1,
        null
      ]
    },
    "timestamp": 1332084118
  }
}
